c:\users\aiste\desktop\2d blackjack\sdlblackjack\x64\release\vc142.pdb
c:\users\aiste\desktop\2d blackjack\sdlblackjack\x64\release\table.obj
c:\users\aiste\desktop\2d blackjack\sdlblackjack\x64\release\sprite.obj
c:\users\aiste\desktop\2d blackjack\sdlblackjack\x64\release\sound.obj
c:\users\aiste\desktop\2d blackjack\sdlblackjack\x64\release\screen.obj
c:\users\aiste\desktop\2d blackjack\sdlblackjack\x64\release\score.obj
c:\users\aiste\desktop\2d blackjack\sdlblackjack\x64\release\rulesstate.obj
c:\users\aiste\desktop\2d blackjack\sdlblackjack\x64\release\playstate.obj
c:\users\aiste\desktop\2d blackjack\sdlblackjack\x64\release\player.obj
c:\users\aiste\desktop\2d blackjack\sdlblackjack\x64\release\outcomes.obj
c:\users\aiste\desktop\2d blackjack\sdlblackjack\x64\release\music.obj
c:\users\aiste\desktop\2d blackjack\sdlblackjack\x64\release\mainmenustate.obj
c:\users\aiste\desktop\2d blackjack\sdlblackjack\x64\release\main.obj
c:\users\aiste\desktop\2d blackjack\sdlblackjack\x64\release\input.obj
c:\users\aiste\desktop\2d blackjack\sdlblackjack\x64\release\gamestate.obj
c:\users\aiste\desktop\2d blackjack\sdlblackjack\x64\release\gameobject.obj
c:\users\aiste\desktop\2d blackjack\sdlblackjack\x64\release\game.obj
c:\users\aiste\desktop\2d blackjack\sdlblackjack\x64\release\deck.obj
c:\users\aiste\desktop\2d blackjack\sdlblackjack\x64\release\dealer.obj
c:\users\aiste\desktop\2d blackjack\sdlblackjack\x64\release\cards.obj
c:\users\aiste\desktop\2d blackjack\sdlblackjack\x64\release\button.obj
c:\users\aiste\desktop\2d blackjack\sdlblackjack\x64\release\vector2d.obj
c:\users\aiste\desktop\2d blackjack\sdlblackjack\x64\release\text.obj
c:\users\aiste\desktop\2d blackjack\x64\release\sdlblackjack.exe
c:\users\aiste\desktop\2d blackjack\sdlblackjack\x64\release\sdlblackjack.ipdb
c:\users\aiste\desktop\2d blackjack\sdlblackjack\x64\release\sdlblackjack.iobj
c:\users\aiste\desktop\2d blackjack\x64\release\sdlblackjack.pdb
c:\users\aiste\desktop\2d blackjack\sdlblackjack\x64\release\sdlblackjack.tlog\cl.command.1.tlog
c:\users\aiste\desktop\2d blackjack\sdlblackjack\x64\release\sdlblackjack.tlog\cl.read.1.tlog
c:\users\aiste\desktop\2d blackjack\sdlblackjack\x64\release\sdlblackjack.tlog\cl.write.1.tlog
c:\users\aiste\desktop\2d blackjack\sdlblackjack\x64\release\sdlblackjack.tlog\link.command.1.tlog
c:\users\aiste\desktop\2d blackjack\sdlblackjack\x64\release\sdlblackjack.tlog\link.read.1.tlog
c:\users\aiste\desktop\2d blackjack\sdlblackjack\x64\release\sdlblackjack.tlog\link.write.1.tlog
